<?xml version="1.0" encoding="UTF-8"?>
<testsuite xmlns:xsi="http://www.w3.org/2001/XMLSchema-instance" xsi:noNamespaceSchemaLocation="https://maven.apache.org/surefire/maven-surefire-plugin/xsd/surefire-test-report.xsd" name="com.mycompany.app.CalculatorTest" time="0.422" tests="5" errors="0" skipped="0" failures="0">
  <properties>
[...]
</properties>
  <testcase name="test" classname="com.mycompany.app.CalculatorTest" time="0.008"/>
  <testcase name="testAddDouble" classname="com.mycompany.app.CalculatorTest" time="0"/>
  <testcase name="testAddInts" classname="com.mycompany.app.CalculatorTest" time="0"/>
  <testcase name="testMulFloats" classname="com.mycompany.app.CalculatorTest" time="0.001"/>
  <testcase name="testSubInt" classname="com.mycompany.app.CalculatorTest" time="0"/>
</testsuite>