<?xml version="1.0" encoding="UTF-8"?>
<testng-results skipped="0" failed="0" ignored="0" total="0" passed="0">
  <reporter-output>
  </reporter-output>
  <suite name="Suite1" duration-ms="20" started-at="2018-07-17T19:04:58Z" finished-at="2018-07-17T19:04:58Z">
    <groups>
    </groups>
    <test name="test1" duration-ms="3" started-at="2018-07-17T19:04:58Z" finished-at="2018-07-17T19:04:58Z">
    </test> <!-- test1 -->
    <test name="test2" duration-ms="0" started-at="2018-07-17T19:04:58Z" finished-at="2018-07-17T19:04:58Z">
    </test> <!-- test2 -->
  </suite> <!-- Suite1 -->
</testng-results>
